08/02/25 2:00:08: layout.scss - `_variables` file not found for @import: layout.scss on line 2, at column 1
08/02/25 2:01:05: layout.scss - `_variables` file not found for @import: layout.scss on line 2, at column 1
08/02/25 2:02:25: layout.scss - `_variables` file not found for @import: layout.scss on line 2, at column 1
08/02/25 2:03:25: layout.scss - `_variables` file not found for @import: layout.scss on line 2, at column 1
08/02/25 2:04:25: layout.scss - `_variables` file not found for @import: layout.scss on line 2, at column 1
08/02/25 2:06:25: layout.scss - `_variables` file not found for @import: layout.scss on line 2, at column 1
08/03/25 7:58:23: layout.scss - Undefined mixin text: _main.scss on line 7, at column 5
Call Stack:
#0 import _main.scss layout.scss on line 3
08/03/25 8:00:25: layout.scss - Undefined mixin text: _main.scss on line 7, at column 5
Call Stack:
#0 import _main.scss layout.scss on line 3
08/03/25 8:01:14: layout.scss - Undefined mixin text: _main.scss on line 7, at column 5
Call Stack:
#0 import _main.scss layout.scss on line 3
08/03/25 8:01:14: layout.scss - Undefined mixin text: _main.scss on line 7, at column 5
Call Stack:
#0 import _main.scss layout.scss on line 3
08/03/25 8:01:16: layout.scss - Undefined mixin text: _main.scss on line 7, at column 5
Call Stack:
#0 import _main.scss layout.scss on line 3
08/03/25 8:01:27: layout.scss - Undefined mixin text: _main.scss on line 7, at column 5
Call Stack:
#0 import _main.scss layout.scss on line 3
08/03/25 8:03:27: layout.scss - Undefined mixin text: _main.scss on line 7, at column 5
Call Stack:
#0 import _main.scss layout.scss on line 3
08/03/25 8:05:27: layout.scss - Undefined mixin text: _main.scss on line 7, at column 5
Call Stack:
#0 import _main.scss layout.scss on line 3
08/03/25 8:07:27: layout.scss - Undefined mixin text: _main.scss on line 7, at column 5
Call Stack:
#0 import _main.scss layout.scss on line 3
08/03/25 8:09:27: layout.scss - Undefined mixin text: _main.scss on line 7, at column 5
Call Stack:
#0 import _main.scss layout.scss on line 3
08/03/25 8:10:51: layout.scss - Undefined mixin text: _main.scss on line 7, at column 5
Call Stack:
#0 import _main.scss layout.scss on line 3
08/03/25 8:10:53: layout.scss - Undefined mixin text: _main.scss on line 7, at column 5
Call Stack:
#0 import _main.scss layout.scss on line 3
08/03/25 8:10:56: layout.scss - Undefined mixin text: _main.scss on line 7, at column 5
Call Stack:
#0 import _main.scss layout.scss on line 3
08/03/25 8:10:57: layout.scss - Undefined mixin text: _main.scss on line 7, at column 5
Call Stack:
#0 import _main.scss layout.scss on line 3
08/03/25 8:10:57: layout.scss - Undefined mixin text: _main.scss on line 7, at column 5
Call Stack:
#0 import _main.scss layout.scss on line 3
08/03/25 8:11:08: layout.scss - Undefined mixin text: _main.scss on line 7, at column 5
Call Stack:
#0 import _main.scss layout.scss on line 3
08/03/25 8:13:09: layout.scss - Undefined mixin text: _main.scss on line 7, at column 5
Call Stack:
#0 import _main.scss layout.scss on line 3
08/03/25 8:15:11: layout.scss - Undefined mixin text: _main.scss on line 7, at column 5
Call Stack:
#0 import _main.scss layout.scss on line 3
08/17/25 5:44:36: layout.scss - unclosed block: failed at `` /home/xs763501/ytanaca.com/public_html/stephall/wp-content/themes/stephall/src/scss/_contact.scss on line 34, at column 0
08/17/25 8:26:26: layout.scss - Undefined variable $light-blue: _contact.scss on line 56, at column 17
Call Stack:
#0 import _contact.scss layout.scss on line 8
